Build started 6/24/2015 11:48:57 PM.
     1>Project "C:\Users\Austin\Documents\COM Objects\DXAudio\DXAudio\DXAudio.vcxproj" on node 2 (Build target(s)).
     1>ClCompile:
         C:\Program Files (x86)\Microsoft Visual Studio 12.0\VC\bin\CL.exe /c /I../Include/ /Zi /nologo /W3 /WX- /sdl /O2 /Oi /Oy- /GL /D _DXAUDIO_DLL_PROJECT /D _WINDLL /Gm- /EHsc /MD /GS /Gy /fp:precise /Zc:wchar_t /Zc:forScope /Fo"Release\\" /Fd"Release\vc120.pdb" /Gd /TP /analyze- /errorReport:prompt CDXAudioDuplexStream.cpp CDXAudioEchoStream.cpp CDXAudioInputStream.cpp CDXAudioLoopbackStream.cpp CDXAudioOutputStream.cpp CDXAudioStream.cpp CMMNotificationClient.cpp ClientReader.cpp ClientWriter.cpp DXAudio.cpp
         CDXAudioDuplexStream.cpp
         CDXAudioEchoStream.cpp
         CDXAudioInputStream.cpp
         CDXAudioLoopbackStream.cpp
         CDXAudioOutputStream.cpp
         CDXAudioStream.cpp
         CMMNotificationClient.cpp
         ClientReader.cpp
         ClientWriter.cpp
         DXAudio.cpp
       Link:
         C:\Program Files (x86)\Microsoft Visual Studio 12.0\VC\bin\link.exe /ERRORREPORT:PROMPT /OUT:"C:\Users\Austin\Documents\COM Objects\DXAudio\Release\DXAudio.dll" /NOLOGO /LIBPATH:../Lib/Release/ kernel32.lib user32.lib gdi32.lib winspool.lib comdlg32.lib advapi32.lib shell32.lib ole32.lib oleaut32.lib uuid.lib odbc32.lib odbccp32.lib /MANIFEST /MANIFESTUAC:"level='asInvoker' uiAccess='false'" /manifest:embed /DEBUG /PDB:"C:\Users\Austin\Documents\COM Objects\DXAudio\Release\DXAudio.pdb" /OPT:REF /OPT:ICF /LTCG /TLBID:1 /DYNAMICBASE /NXCOMPAT /IMPLIB:"C:\Users\Austin\Documents\COM Objects\DXAudio\Release\DXAudio.lib" /MACHINE:X86 /SAFESEH /DLL Release\CDXAudioDuplexStream.obj
         Release\CDXAudioEchoStream.obj
         Release\CDXAudioInputStream.obj
         Release\CDXAudioLoopbackStream.obj
         Release\CDXAudioOutputStream.obj
         Release\ClientReader.obj
         Release\ClientWriter.obj
         Release\CMMNotificationClient.obj
         Release\DXAudio.obj
         Release\CDXAudioStream.obj
            Creating library C:\Users\Austin\Documents\COM Objects\DXAudio\Release\DXAudio.lib and object C:\Users\Austin\Documents\COM Objects\DXAudio\Release\DXAudio.exp
         Generating code
         Finished generating code
         DXAudio.vcxproj -> C:\Users\Austin\Documents\COM Objects\DXAudio\Release\DXAudio.dll
     1>Done Building Project "C:\Users\Austin\Documents\COM Objects\DXAudio\DXAudio\DXAudio.vcxproj" (Build target(s)).

Build succeeded.

Time Elapsed 00:00:07.45
