c:\users\austin\documents\com objects\dxaudio\dxaudio\release\vc120.pdb
c:\users\austin\documents\com objects\dxaudio\dxaudio\release\dxaudio.obj
c:\users\austin\documents\com objects\dxaudio\dxaudio\release\cdxaudiostream.obj
c:\users\austin\documents\com objects\dxaudio\dxaudio\release\cdxaudiooutputstream.obj
c:\users\austin\documents\com objects\dxaudio\dxaudio\release\cdxaudioloopbackstream.obj
c:\users\austin\documents\com objects\dxaudio\dxaudio\release\cdxaudioinputstream.obj
c:\users\austin\documents\com objects\dxaudio\dxaudio\release\cdxaudioechostream.obj
c:\users\austin\documents\com objects\dxaudio\dxaudio\release\cdxaudioduplexstream.obj
c:\users\austin\documents\com objects\dxaudio\dxaudio\release\clientwriter.obj
c:\users\austin\documents\com objects\dxaudio\dxaudio\release\clientreader.obj
c:\users\austin\documents\com objects\dxaudio\dxaudio\release\cmmnotificationclient.obj
c:\users\austin\documents\com objects\dxaudio\dxaudio\release\dxaudioresampler.obj
c:\users\austin\documents\com objects\dxaudio\dxaudio\release\cdxaudioresampler.obj
c:\users\austin\documents\com objects\dxaudio\dxaudio\release\vc140.pdb
c:\users\austin\documents\com objects\dxaudio\release\dxaudio.lib
c:\users\austin\documents\com objects\dxaudio\release\dxaudio.exp
c:\users\austin\documents\com objects\dxaudio\release\dxaudio.dll
c:\users\austin\documents\com objects\dxaudio\release\dxaudio.pdb
c:\users\austin\documents\com objects\dxaudio\release\dxaudio.ipdb
c:\users\austin\documents\com objects\dxaudio\release\dxaudio.iobj
c:\users\austin\documents\com objects\dxaudio\dxaudio\release\dxaudio.tlog\cl.command.1.tlog
c:\users\austin\documents\com objects\dxaudio\dxaudio\release\dxaudio.tlog\cl.read.1.tlog
c:\users\austin\documents\com objects\dxaudio\dxaudio\release\dxaudio.tlog\cl.write.1.tlog
c:\users\austin\documents\com objects\dxaudio\dxaudio\release\dxaudio.tlog\dxaudio.write.1u.tlog
c:\users\austin\documents\com objects\dxaudio\dxaudio\release\dxaudio.tlog\link.command.1.tlog
c:\users\austin\documents\com objects\dxaudio\dxaudio\release\dxaudio.tlog\link.read.1.tlog
c:\users\austin\documents\com objects\dxaudio\dxaudio\release\dxaudio.tlog\link.write.1.tlog
