c:\users\austin\documents\com objects\dxaudio\dxaudio\debug\vc120.pdb
c:\users\austin\documents\com objects\dxaudio\dxaudio\debug\vc120.idb
c:\users\austin\documents\com objects\dxaudio\dxaudio\debug\dxaudio.obj
c:\users\austin\documents\com objects\dxaudio\dxaudio\debug\vc140.pdb
c:\users\austin\documents\com objects\dxaudio\dxaudio\debug\cmmnotificationclient.obj
c:\users\austin\documents\com objects\dxaudio\dxaudio\debug\resampler.obj
c:\users\austin\documents\com objects\dxaudio\dxaudio\debug\clientwriter.obj
c:\users\austin\documents\com objects\dxaudio\dxaudio\debug\cdxaudiostream.obj
c:\users\austin\documents\com objects\dxaudio\dxaudio\debug\clientreader.obj
c:\users\austin\documents\com objects\dxaudio\dxaudio\debug\cdxaudioduplexstream.obj
c:\users\austin\documents\com objects\dxaudio\dxaudio\debug\cdxaudioechostream.obj
c:\users\austin\documents\com objects\dxaudio\dxaudio\debug\cdxaudioloopbackstream.obj
c:\users\austin\documents\com objects\dxaudio\dxaudio\debug\cdxaudiooutputstream.obj
c:\users\austin\documents\com objects\dxaudio\dxaudio\debug\cdxaudioinputstream.obj
c:\users\austin\documents\com objects\dxaudio\dxaudio\debug\cdxaudioresampler.obj
c:\users\austin\documents\com objects\dxaudio\dxaudio\debug\dxaudioresampler.obj
c:\users\austin\documents\com objects\dxaudio\dxaudio\debug\vc140.idb
c:\users\austin\documents\com objects\dxaudio\debug\dxaudio.lib
c:\users\austin\documents\com objects\dxaudio\debug\dxaudio.exp
c:\users\austin\documents\com objects\dxaudio\debug\dxaudio.ilk
c:\users\austin\documents\com objects\dxaudio\debug\dxaudio.dll
c:\users\austin\documents\com objects\dxaudio\debug\dxaudio.pdb
c:\users\austin\documents\com objects\dxaudio\dxaudio\debug\dxaudio.tlog\cl.command.1.tlog
c:\users\austin\documents\com objects\dxaudio\dxaudio\debug\dxaudio.tlog\cl.read.1.tlog
c:\users\austin\documents\com objects\dxaudio\dxaudio\debug\dxaudio.tlog\cl.write.1.tlog
c:\users\austin\documents\com objects\dxaudio\dxaudio\debug\dxaudio.tlog\dxaudio.write.1u.tlog
c:\users\austin\documents\com objects\dxaudio\dxaudio\debug\dxaudio.tlog\link.command.1.tlog
c:\users\austin\documents\com objects\dxaudio\dxaudio\debug\dxaudio.tlog\link.read.1.tlog
c:\users\austin\documents\com objects\dxaudio\dxaudio\debug\dxaudio.tlog\link.write.1.tlog
